<?xml version="1.0" encoding="UTF-8"?>
<!-- Generated by org.testng.reporters.JUnitReportReporter -->
<testsuite hostname="DESKTOP-K9M7R91" failures="0" tests="2" name="testclass.TestclassTNGG1" time="0.000" errors="0" timestamp="2023-03-15T17:28:50 IST" skipped="2">
  <testcase classname="testclass.TestclassTNGG1" name="test1" time="0.000">
    <skipped/>
  </testcase> <!-- test1 -->
  <system-out/>
  <testcase classname="testclass.TestclassTNGG1" name="test2" time="0.000">
    <skipped/>
  </testcase> <!-- test2 -->
  <system-out/>
</testsuite> <!-- testclass.TestclassTNGG1 -->
