<?xml version="1.0" encoding="UTF-8"?>
<!-- Generated by org.testng.reporters.JUnitReportReporter -->
<testsuite hostname="DESKTOP-K9M7R91" failures="0" tests="1" name="testclass.Test_class_testng" time="0.012" errors="0" timestamp="2023-03-09T15:16:17 IST" skipped="0">
  <testcase classname="testclass.Test_class_testng" name="test2" time="0.012"/>
  <system-out/>
</testsuite> <!-- testclass.Test_class_testng -->
