<?xml version="1.0" encoding="UTF-8"?>
<!-- Generated by org.testng.reporters.JUnitReportReporter -->
<testsuite hostname="DESKTOP-K9M7R91" failures="0" tests="2" name="testclass.TestclassTNGG2" time="0.010" errors="0" timestamp="2023-03-13T18:40:41 IST" skipped="0">
  <testcase classname="testclass.TestclassTNGG2" name="test2" time="0.002"/>
  <system-out/>
  <testcase classname="testclass.TestclassTNGG2" name="test1" time="0.008"/>
  <system-out/>
</testsuite> <!-- testclass.TestclassTNGG2 -->
